<?xml version="1.0" encoding="UTF-8"?>
<!-- Generated by org.testng.reporters.JUnitReportReporter -->
<testsuite hostname="DESKTOP-E3FNQHB" failures="0" tests="1" name="dataprovide.datatestclass1" time="0.011" errors="0" timestamp="2022-07-03T13:02:56 IST" skipped="0">
  <testcase classname="dataprovide.datatestclass1" name="test" time="0.011"/>
  <system-out/>
</testsuite> <!-- dataprovide.datatestclass1 -->
