<?xml version="1.0" encoding="UTF-8"?>
<!-- Generated by org.testng.reporters.JUnitReportReporter -->
<testsuite hostname="DESKTOP-E3FNQHB" failures="0" tests="1" name="Excel.outfromexcel" time="0.418" errors="0" timestamp="2022-10-02T11:42:34 IST" skipped="0">
  <testcase classname="Excel.outfromexcel" name="test" time="0.418"/>
  <system-out/>
</testsuite> <!-- Excel.outfromexcel -->
