<?xml version="1.0" encoding="UTF-8"?>
<!-- Generated by org.testng.reporters.JUnitReportReporter -->
<testsuite hostname="DESKTOP-E3FNQHB" failures="0" tests="8" name="parametter.testclass" time="23.375" errors="0" timestamp="2022-07-02T15:15:09 IST" skipped="0">
  <testcase classname="parametter.testclass" name="launch" time="5.741"/>
  <system-out/>
  <testcase classname="parametter.testclass" name="enterlogindetails" time="5.710"/>
  <system-out/>
  <testcase classname="parametter.testclass" name="showiname" time="0.027"/>
  <system-out/>
  <testcase classname="parametter.testclass" name="employeedetails" time="0.065"/>
  <system-out/>
  <testcase classname="parametter.testclass" name="enterlogindetails" time="4.864"/>
  <system-out/>
  <testcase classname="parametter.testclass" name="myinformation" time="1.917"/>
  <system-out/>
  <testcase classname="parametter.testclass" name="launch" time="5.022"/>
  <system-out/>
  <testcase classname="parametter.testclass" name="showiname" time="0.029"/>
  <system-out/>
</testsuite> <!-- parametter.testclass -->
