<?xml version="1.0" encoding="UTF-8"?>
<!-- Generated by org.testng.reporters.JUnitReportReporter -->
<testsuite hostname="DESKTOP-E3FNQHB" failures="0" tests="4" name="grouptestng.grouptestclass2" time="0.021" errors="0" timestamp="2022-07-02T15:50:59 IST" skipped="0">
  <testcase classname="grouptestng.grouptestclass2" name="akash1" time="0.002"/>
  <system-out/>
  <testcase classname="grouptestng.grouptestclass2" name="akashs" time="0.002"/>
  <system-out/>
  <testcase classname="grouptestng.grouptestclass2" name="akash" time="0.015"/>
  <system-out/>
  <testcase classname="grouptestng.grouptestclass2" name="close" time="0.002"/>
  <system-out/>
</testsuite> <!-- grouptestng.grouptestclass2 -->
