<?xml version="1.0" encoding="UTF-8"?>
<!-- Generated by org.testng.reporters.JUnitReportReporter -->
<testsuite hostname="DESKTOP-E3FNQHB" failures="0" tests="5" name="ignoredemo.testclass" time="0.017" errors="0" timestamp="2022-07-02T15:38:01 IST" skipped="1">
  <testcase classname="ignoredemo.testclass" name="test5" time="0.010"/>
  <system-out/>
  <testcase classname="ignoredemo.testclass" name="test3" time="0.002"/>
  <system-out/>
  <testcase classname="ignoredemo.testclass" name="test2" time="0.003"/>
  <system-out/>
  <testcase classname="ignoredemo.testclass" name="test1" time="0.002"/>
  <system-out/>
  <testcase classname="ignoredemo.testclass" name="test4">
    <skipped/>
  </testcase> <!-- test4 -->
  <system-out/>
</testsuite> <!-- ignoredemo.testclass -->
