<?xml version="1.0" encoding="UTF-8"?>
<!-- Generated by org.testng.reporters.JUnitReportReporter -->
<testsuite hostname="DESKTOP-E3FNQHB" failures="0" tests="2" name="dependencetest.dependencemethod" time="0.013" errors="0" timestamp="2022-07-03T12:20:49 IST" skipped="0">
  <testcase classname="dependencetest.dependencemethod" name="order" time="0.011"/>
  <system-out/>
  <testcase classname="dependencetest.dependencemethod" name="ordercancel" time="0.002"/>
  <system-out/>
</testsuite> <!-- dependencetest.dependencemethod -->
