<?xml version="1.0" encoding="UTF-8"?>
<!-- Generated by org.testng.reporters.JUnitReportReporter -->
<testsuite hostname="DESKTOP-E3FNQHB" failures="0" tests="1" name="timeout_exception.timeout_exception_demo" time="3.505" errors="0" timestamp="2022-07-04T14:25:59 IST" skipped="0">
  <testcase classname="timeout_exception.timeout_exception_demo" name="test" time="3.505"/>
  <system-out/>
</testsuite> <!-- timeout_exception.timeout_exception_demo -->
