<?xml version="1.0" encoding="UTF-8"?>
<!-- Generated by org.testng.reporters.JUnitReportReporter -->
<testsuite hostname="DESKTOP-E3FNQHB" failures="0" tests="2" name="Assertiondemo.testclass" time="4.319" errors="0" timestamp="2022-09-21T12:53:55 IST" skipped="0">
  <testcase classname="Assertiondemo.testclass" name="testadarcard" time="2.783"/>
  <system-out/>
  <testcase classname="Assertiondemo.testclass" name="testaagoogle" time="1.536"/>
  <system-out/>
</testsuite> <!-- Assertiondemo.testclass -->
