<?xml version="1.0" encoding="UTF-8"?>
<!-- Generated by org.testng.reporters.JUnitReportReporter -->
<testsuite hostname="DESKTOP-E3FNQHB" failures="0" tests="1" name="Assertiondemo.testclass2" time="7.297" errors="0" timestamp="2022-07-02T14:22:33 IST" skipped="0">
  <testcase classname="Assertiondemo.testclass2" name="testgoogle" time="7.297"/>
  <system-out/>
</testsuite> <!-- Assertiondemo.testclass2 -->
