<?xml version="1.0" encoding="UTF-8"?>
<!-- Generated by org.testng.reporters.JUnitReportReporter -->
<testsuite hostname="DESKTOP-E3FNQHB" failures="0" tests="4" name="grouptestng.grouptestclass" time="0.007" errors="0" timestamp="2022-07-02T15:50:59 IST" skipped="0">
  <testcase classname="grouptestng.grouptestclass" name="akash1" time="0.004"/>
  <system-out/>
  <testcase classname="grouptestng.grouptestclass" name="akash" time="0.001"/>
  <system-out/>
  <testcase classname="grouptestng.grouptestclass" name="akashs" time="0.001"/>
  <system-out/>
  <testcase classname="grouptestng.grouptestclass" name="close" time="0.001"/>
  <system-out/>
</testsuite> <!-- grouptestng.grouptestclass -->
