<?xml version="1.0" encoding="UTF-8"?>
<!-- Generated by org.testng.reporters.JUnitReportReporter -->
<testsuite hostname="DESKTOP-E3FNQHB" failures="0" tests="1" name="dataprovide.recong$readconfig" time="0.010" errors="0" timestamp="2022-07-09T11:53:50 IST" skipped="0">
  <testcase classname="dataprovide.recong$readconfig" name="akash" time="0.010"/>
  <system-out/>
</testsuite> <!-- dataprovide.recong$readconfig -->
