<?xml version="1.0" encoding="UTF-8"?>
<!-- Generated by org.testng.reporters.JUnitReportReporter -->
<testsuite hostname="DESKTOP-E3FNQHB" failures="0" tests="3" name="invocationcount.testclassinvoc" time="15.959" errors="0" timestamp="2022-07-04T14:56:05 IST" skipped="0">
  <testcase classname="invocationcount.testclassinvoc" name="akash" time="10.049"/>
  <system-out/>
  <testcase classname="invocationcount.testclassinvoc" name="akash" time="2.815"/>
  <system-out/>
  <testcase classname="invocationcount.testclassinvoc" name="akash" time="3.095"/>
  <system-out/>
</testsuite> <!-- invocationcount.testclassinvoc -->
