<?xml version="1.0" encoding="UTF-8"?>
<!-- Generated by org.testng.reporters.JUnitReportReporter -->
<testsuite hostname="DESKTOP-E3FNQHB" failures="0" tests="4" name="listeners.testclass" time="1.028" errors="1" timestamp="2022-07-04T15:08:24 IST" skipped="1">
  <testcase classname="listeners.testclass" name="testmethod3" time="1.017">
    <error message="Method listeners.testclass.testmethod3() didn&#039;t finish within the time-out 1000" type="org.testng.internal.thread.ThreadTimeoutException">
      <![CDATA[org.testng.internal.thread.ThreadTimeoutException: Method listeners.testclass.testmethod3() didn't finish within the time-out 1000
at java.base@17.0.3.1/java.lang.Thread.sleep(Native Method)
at app//listeners.testclass.testmethod3(testclass.java:20)
at java.base@17.0.3.1/jdk.internal.reflect.NativeMethodAccessorImpl.invoke0(Native Method)
at java.base@17.0.3.1/jdk.internal.reflect.NativeMethodAccessorImpl.invoke(NativeMethodAccessorImpl.java:77)
at java.base@17.0.3.1/jdk.internal.reflect.DelegatingMethodAccessorImpl.invoke(DelegatingMethodAccessorImpl.java:43)
at java.base@17.0.3.1/java.lang.reflect.Method.invoke(Method.java:568)
at app//org.testng.internal.invokers.MethodInvocationHelper.invokeMethod(MethodInvocationHelper.java:139)
at app//org.testng.internal.invokers.InvokeMethodRunnable.runOne(InvokeMethodRunnable.java:47)
at app//org.testng.internal.invokers.InvokeMethodRunnable.call(InvokeMethodRunnable.java:76)
at app//org.testng.internal.invokers.InvokeMethodRunnable.call(InvokeMethodRunnable.java:11)
at java.base@17.0.3.1/java.util.concurrent.FutureTask.run(FutureTask.java:264)
at java.base@17.0.3.1/java.util.concurrent.ThreadPoolExecutor.runWorker(ThreadPoolExecutor.java:1136)
at java.base@17.0.3.1/java.util.concurrent.ThreadPoolExecutor$Worker.run(ThreadPoolExecutor.java:635)
at java.base@17.0.3.1/java.lang.Thread.run(Thread.java:833)
]]>
    </error>
  </testcase> <!-- testmethod3 -->
  <system-out/>
  <testcase classname="listeners.testclass" name="testmethod4" time="0.000">
    <skipped/>
  </testcase> <!-- testmethod4 -->
  <system-out/>
  <testcase classname="listeners.testclass" name="testmethod1" time="0.009"/>
  <system-out/>
  <testcase classname="listeners.testclass" name="testmethod2" time="0.002"/>
  <system-out/>
</testsuite> <!-- listeners.testclass -->
