<?xml version="1.0" encoding="UTF-8"?>
<!-- Generated by org.testng.reporters.JUnitReportReporter -->
<testsuite hostname="DESKTOP-E3FNQHB" failures="0" tests="1" name="Excel.Writeonexcel" time="0.706" errors="0" timestamp="2022-10-02T12:39:07 IST" skipped="0">
  <testcase classname="Excel.Writeonexcel" name="test" time="0.706"/>
  <system-out/>
</testsuite> <!-- Excel.Writeonexcel -->
