<?xml version="1.0" encoding="UTF-8"?>
<!-- Generated by org.testng.reporters.JUnitReportReporter -->
<testsuite hostname="DESKTOP-E3FNQHB" failures="0" tests="8" name="basictestng.enable_disable_class" time="0.020" errors="0" timestamp="2022-07-02T15:28:53 IST" skipped="2">
  <testcase classname="basictestng.enable_disable_class" name="test2" time="0.001"/>
  <system-out/>
  <testcase classname="basictestng.enable_disable_class" name="test5" time="0.002"/>
  <system-out/>
  <testcase classname="basictestng.enable_disable_class" name="test5" time="0.001"/>
  <system-out/>
  <testcase classname="basictestng.enable_disable_class" name="test4" time="0.001"/>
  <system-out/>
  <testcase classname="basictestng.enable_disable_class" name="test4" time="0.001"/>
  <system-out/>
  <testcase classname="basictestng.enable_disable_class" name="test1" time="0.014"/>
  <system-out/>
  <testcase classname="basictestng.enable_disable_class" name="test3">
    <skipped/>
  </testcase> <!-- test3 -->
  <system-out/>
  <testcase classname="basictestng.enable_disable_class" name="test3">
    <skipped/>
  </testcase> <!-- test3 -->
  <system-out/>
</testsuite> <!-- basictestng.enable_disable_class -->
