<?xml version="1.0" encoding="UTF-8"?>
<!-- Generated by org.testng.reporters.JUnitReportReporter -->
<testsuite hostname="DESKTOP-E3FNQHB" failures="0" tests="8" name="dependencetest.dependencegroup" time="0.019" errors="0" timestamp="2022-07-03T12:42:57 IST" skipped="0">
  <testcase classname="dependencetest.dependencegroup" name="test2" time="0.002"/>
  <system-out/>
  <testcase classname="dependencetest.dependencegroup" name="test5" time="0.001"/>
  <system-out/>
  <testcase classname="dependencetest.dependencegroup" name="test" time="0.009"/>
  <system-out/>
  <testcase classname="dependencetest.dependencegroup" name="test6" time="0.002"/>
  <system-out/>
  <testcase classname="dependencetest.dependencegroup" name="test3" time="0.002"/>
  <system-out/>
  <testcase classname="dependencetest.dependencegroup" name="test4" time="0.001"/>
  <system-out/>
  <testcase classname="dependencetest.dependencegroup" name="test1" time="0.001"/>
  <system-out/>
  <testcase classname="dependencetest.dependencegroup" name="test7" time="0.001"/>
  <system-out/>
</testsuite> <!-- dependencetest.dependencegroup -->
