<?xml version="1.0" encoding="UTF-8"?>
<!-- Generated by org.testng.reporters.JUnitReportReporter -->
<testsuite hostname="DESKTOP-E3FNQHB" failures="0" tests="4" name="paralleldata.parallelclass2" time="0.048" errors="0" timestamp="2022-07-04T14:43:00 IST" skipped="0">
  <testcase classname="paralleldata.parallelclass2" name="testmethod1" time="0.014"/>
  <system-out/>
  <testcase classname="paralleldata.parallelclass2" name="testmethod3" time="0.015"/>
  <system-out/>
  <testcase classname="paralleldata.parallelclass2" name="testmethod2" time="0.015"/>
  <system-out/>
  <testcase classname="paralleldata.parallelclass2" name="testmethod4" time="0.004"/>
  <system-out/>
</testsuite> <!-- paralleldata.parallelclass2 -->
