<?xml version="1.0" encoding="UTF-8"?>
<!-- Generated by org.testng.reporters.JUnitReportReporter -->
<testsuite hostname="DESKTOP-E3FNQHB" failures="0" tests="2" name="basictestng.testclass" time="8.142" errors="0" timestamp="2022-07-02T14:13:28 IST" skipped="0">
  <testcase classname="basictestng.testclass" name="testgoogle" time="3.262"/>
  <system-out/>
  <testcase classname="basictestng.testclass" name="test1adarcard" time="4.880"/>
  <system-out/>
</testsuite> <!-- basictestng.testclass -->
