<?xml version="1.0" encoding="UTF-8"?>
<!-- Generated by org.testng.reporters.JUnitReportReporter -->
<testsuite hostname="DESKTOP-E3FNQHB" failures="0" tests="2" name="dataprovide.datacalling" time="0.012" errors="0" timestamp="2022-07-03T13:07:25 IST" skipped="0">
  <testcase classname="dataprovide.datacalling" name="test" time="0.001"/>
  <system-out/>
  <testcase classname="dataprovide.datacalling" name="test" time="0.011"/>
  <system-out/>
</testsuite> <!-- dataprovide.datacalling -->
