<?xml version="1.0" encoding="UTF-8"?>
<!-- Generated by org.testng.reporters.JUnitReportReporter -->
<testsuite hostname="DESKTOP-E3FNQHB" failures="0" tests="1" name="Excel.tabeloutput" time="7.313" errors="0" timestamp="2022-10-02T12:39:00 IST" skipped="0">
  <testcase classname="Excel.tabeloutput" name="test" time="7.313"/>
  <system-out/>
</testsuite> <!-- Excel.tabeloutput -->
