<?xml version="1.0" encoding="UTF-8"?>
<!-- Generated by org.testng.reporters.JUnitReportReporter -->
<testsuite hostname="DESKTOP-E3FNQHB" failures="0" tests="3" name="paralleldata.parallelclass3" time="0.007" errors="0" timestamp="2022-07-04T14:43:00 IST" skipped="0">
  <testcase classname="paralleldata.parallelclass3" name="testmethod5" time="0.002"/>
  <system-out/>
  <testcase classname="paralleldata.parallelclass3" name="testmethod6" time="0.004"/>
  <system-out/>
  <testcase classname="paralleldata.parallelclass3" name="testmethod7" time="0.001"/>
  <system-out/>
</testsuite> <!-- paralleldata.parallelclass3 -->
